<?xml version="1.0" encoding="UTF-8"?>
<!-- Generated by org.testng.reporters.JUnitReportReporter -->
<testsuite skipped="0" hostname="Cosmo-Queen" name="PackOne.ClassTwo" tests="1" failures="0" timestamp="2021-10-06T13:50:40 IST" time="15.183" errors="0">
  <testcase name="methodTwoB" time="15.183" classname="PackOne.ClassTwo"/>
  <system-out/>
</testsuite> <!-- PackOne.ClassTwo -->
