<?xml version="1.0" encoding="UTF-8"?>
<!-- Generated by org.testng.reporters.JUnitReportReporter -->
<testsuite skipped="0" hostname="Cosmo-Queen" name="PackOne.ClassOne" tests="1" failures="0" timestamp="2021-10-06T13:50:40 IST" time="27.462" errors="0">
  <testcase name="methodOneA" time="27.462" classname="PackOne.ClassOne"/>
  <system-out/>
</testsuite> <!-- PackOne.ClassOne -->
